0 info it worked if it ends with ok
1 verbose cli [ '/usr/bin/nodejs', '/usr/bin/npm', 'update', '-g', 'ionic' ]
2 info using npm@1.3.10
3 info using node@v0.10.25
4 verbose cache add [ 'ionic', '*' ]
5 verbose cache add name="ionic" spec="*" args=["ionic","*"]
6 verbose parsed url { protocol: null,
6 verbose parsed url   slashes: null,
6 verbose parsed url   auth: null,
6 verbose parsed url   host: null,
6 verbose parsed url   port: null,
6 verbose parsed url   hostname: null,
6 verbose parsed url   hash: null,
6 verbose parsed url   search: null,
6 verbose parsed url   query: null,
6 verbose parsed url   pathname: '*',
6 verbose parsed url   path: '*',
6 verbose parsed url   href: '*' }
7 verbose addNamed [ 'ionic', '*' ]
8 verbose addNamed [ null, '*' ]
9 silly lockFile bf13f592-ionic ionic@*
10 verbose lock ionic@* /home/daniel/.npm/bf13f592-ionic.lock
11 silly addNameRange { name: 'ionic', range: '*', hasData: false }
12 verbose url raw ionic
13 verbose url resolving [ 'https://registry.npmjs.org/', './ionic' ]
14 verbose url resolved https://registry.npmjs.org/ionic
15 info trying registry request attempt 1 at 14:23:29
16 verbose etag "BEE0I3EGJA6NNA32UGISGMW10"
17 http GET https://registry.npmjs.org/ionic
18 http 200 https://registry.npmjs.org/ionic
19 silly registry.get cb [ 200,
19 silly registry.get   { date: 'Fri, 26 Dec 2014 14:23:30 GMT',
19 silly registry.get     server: 'CouchDB/1.5.0 (Erlang OTP/R16B03)',
19 silly registry.get     etag: '"BUW66A4IG90HK16JSS7VS5RXO"',
19 silly registry.get     'content-type': 'application/json',
19 silly registry.get     'cache-control': 'max-age=60',
19 silly registry.get     'content-length': '168540',
19 silly registry.get     'accept-ranges': 'bytes',
19 silly registry.get     via: '1.1 varnish',
19 silly registry.get     age: '0',
19 silly registry.get     'x-served-by': 'cache-lcy1129-LCY',
19 silly registry.get     'x-cache': 'MISS',
19 silly registry.get     'x-cache-hits': '0',
19 silly registry.get     'x-timer': 'S1419603809.803193,VS0,VE343',
19 silly registry.get     vary: 'Accept',
19 silly registry.get     'keep-alive': 'timeout=10, max=50',
19 silly registry.get     connection: 'Keep-Alive' } ]
20 silly addNameRange number 2 { name: 'ionic', range: '*', hasData: true }
21 silly addNameRange versions [ 'ionic',
21 silly addNameRange   [ '0.9.6',
21 silly addNameRange     '0.9.8',
21 silly addNameRange     '0.9.9',
21 silly addNameRange     '0.9.10',
21 silly addNameRange     '0.9.11',
21 silly addNameRange     '0.9.12',
21 silly addNameRange     '0.9.13',
21 silly addNameRange     '0.9.14',
21 silly addNameRange     '0.9.15',
21 silly addNameRange     '0.9.16',
21 silly addNameRange     '1.0.0-beta.1',
21 silly addNameRange     '1.0.0-beta',
21 silly addNameRange     '1.0.1-beta',
21 silly addNameRange     '1.0.3-beta',
21 silly addNameRange     '1.0.4',
21 silly addNameRange     '1.0.5',
21 silly addNameRange     '1.0.6',
21 silly addNameRange     '1.0.7',
21 silly addNameRange     '1.0.8',
21 silly addNameRange     '1.0.9',
21 silly addNameRange     '1.0.10',
21 silly addNameRange     '1.0.11',
21 silly addNameRange     '1.0.12',
21 silly addNameRange     '1.0.13',
21 silly addNameRange     '1.0.14',
21 silly addNameRange     '1.0.15',
21 silly addNameRange     '1.0.16',
21 silly addNameRange     '1.0.17',
21 silly addNameRange     '1.1.0-beta1',
21 silly addNameRange     '1.1.0-beta2',
21 silly addNameRange     '1.1.0-beta3',
21 silly addNameRange     '1.1.0-beta4',
21 silly addNameRange     '1.1.0-beta5',
21 silly addNameRange     '1.1.0-beta6',
21 silly addNameRange     '1.1.0',
21 silly addNameRange     '1.1.1-beta1',
21 silly addNameRange     '1.1.1-beta2',
21 silly addNameRange     '1.1.1-beta3',
21 silly addNameRange     '1.1.1',
21 silly addNameRange     '1.1.3',
21 silly addNameRange     '1.1.4',
21 silly addNameRange     '1.1.5-beta1',
21 silly addNameRange     '1.1.5-beta2',
21 silly addNameRange     '1.1.5-beta3',
21 silly addNameRange     '1.1.5-beta4',
21 silly addNameRange     '1.1.5-beta5',
21 silly addNameRange     '1.1.5',
21 silly addNameRange     '1.1.6',
21 silly addNameRange     '1.1.7-beta1',
21 silly addNameRange     '1.1.7',
21 silly addNameRange     '1.1.8-beta1',
21 silly addNameRange     '1.1.8-beta2',
21 silly addNameRange     '1.1.8-beta3',
21 silly addNameRange     '1.1.8-beta4',
21 silly addNameRange     '1.1.8-beta5',
21 silly addNameRange     '1.1.8',
21 silly addNameRange     '1.1.9-beta1',
21 silly addNameRange     '1.1.9',
21 silly addNameRange     '1.1.10',
21 silly addNameRange     '1.1.11-beta1',
21 silly addNameRange     '1.1.11-beta2',
21 silly addNameRange     '1.1.11',
21 silly addNameRange     '1.1.12-beta1',
21 silly addNameRange     '1.1.12-beta2',
21 silly addNameRange     '1.1.12-beta3',
21 silly addNameRange     '1.1.12',
21 silly addNameRange     '1.1.13',
21 silly addNameRange     '1.1.14-beta1',
21 silly addNameRange     '1.1.14-beta2',
21 silly addNameRange     '1.1.14-beta3',
21 silly addNameRange     '1.2.0-beta1',
21 silly addNameRange     '1.2.0',
21 silly addNameRange     '1.2.1-beta1',
21 silly addNameRange     '1.2.1-beta2',
21 silly addNameRange     '1.2.1-beta3',
21 silly addNameRange     '1.2.1-beta4',
21 silly addNameRange     '1.2.1',
21 silly addNameRange     '1.2.2',
21 silly addNameRange     '1.2.3-beta1',
21 silly addNameRange     '1.2.3-beta2',
21 silly addNameRange     '1.2.3-beta3',
21 silly addNameRange     '1.2.3',
21 silly addNameRange     '1.2.4-beta1',
21 silly addNameRange     '1.2.4-beta2',
21 silly addNameRange     '1.2.4-beta3',
21 silly addNameRange     '1.2.4',
21 silly addNameRange     '1.2.5-beta1',
21 silly addNameRange     '1.2.5-beta2',
21 silly addNameRange     '1.2.5-beta3',
21 silly addNameRange     '1.2.5',
21 silly addNameRange     '1.2.6-beta1',
21 silly addNameRange     '1.2.6-beta2',
21 silly addNameRange     '1.2.6-beta3',
21 silly addNameRange     '1.2.6',
21 silly addNameRange     '1.2.7',
21 silly addNameRange     '1.2.8-beta1',
21 silly addNameRange     '1.2.8-beta2',
21 silly addNameRange     '1.2.8',
21 silly addNameRange     '1.2.9',
21 silly addNameRange     '1.2.10',
21 silly addNameRange     '1.2.11',
21 silly addNameRange     '1.2.12',
21 silly addNameRange     '1.2.13',
21 silly addNameRange     '1.2.14-beta1',
21 silly addNameRange     '1.2.14-beta2',
21 silly addNameRange     '1.2.14-beta3',
21 silly addNameRange     '1.2.14-beta4',
21 silly addNameRange     '1.2.14-beta5' ] ]
22 verbose addNamed [ 'ionic', '1.2.13' ]
23 verbose addNamed [ '1.2.13', '1.2.13' ]
24 silly lockFile 5e1bd26f-ionic-1-2-13 ionic@1.2.13
25 verbose lock ionic@1.2.13 /home/daniel/.npm/5e1bd26f-ionic-1-2-13.lock
26 silly lockFile 61b739f4-npmjs-org-ionic-ionic-1-2-13-tgz https://registry.npmjs.org/ionic/-/ionic-1.2.13.tgz
27 verbose lock https://registry.npmjs.org/ionic/-/ionic-1.2.13.tgz /home/daniel/.npm/61b739f4-npmjs-org-ionic-ionic-1-2-13-tgz.lock
28 verbose addRemoteTarball [ 'https://registry.npmjs.org/ionic/-/ionic-1.2.13.tgz',
28 verbose addRemoteTarball   '24e6c4aa646d73f4d62b0b75a25d5fdb117929e0' ]
29 info retry fetch attempt 1 at 14:23:30
30 verbose fetch to= /home/daniel/tmp/npm-3271-9qLaASbS/1419603810203-0.4214078856166452/tmp.tgz
31 http GET https://registry.npmjs.org/ionic/-/ionic-1.2.13.tgz
32 http 200 https://registry.npmjs.org/ionic/-/ionic-1.2.13.tgz
33 verbose tar unpack /home/daniel/tmp/npm-3271-9qLaASbS/1419603810203-0.4214078856166452/tmp.tgz
34 silly lockFile a8148d49-10203-0-4214078856166452-package tar:///home/daniel/tmp/npm-3271-9qLaASbS/1419603810203-0.4214078856166452/package
35 verbose lock tar:///home/daniel/tmp/npm-3271-9qLaASbS/1419603810203-0.4214078856166452/package /home/daniel/.npm/a8148d49-10203-0-4214078856166452-package.lock
36 silly lockFile 20f708f9-10203-0-4214078856166452-tmp-tgz tar:///home/daniel/tmp/npm-3271-9qLaASbS/1419603810203-0.4214078856166452/tmp.tgz
37 verbose lock tar:///home/daniel/tmp/npm-3271-9qLaASbS/1419603810203-0.4214078856166452/tmp.tgz /home/daniel/.npm/20f708f9-10203-0-4214078856166452-tmp-tgz.lock
38 silly gunzTarPerm modes [ '755', '644' ]
39 silly gunzTarPerm extractEntry package.json
40 silly gunzTarPerm extractEntry .npmignore
41 silly gunzTarPerm extractEntry README.md
42 silly gunzTarPerm extractEntry LICENSE
43 silly gunzTarPerm extractEntry CHANGELOG.md
44 silly gunzTarPerm extractEntry .gitattributes
45 silly gunzTarPerm extractEntry bin/ionic
46 silly gunzTarPerm extractEntry lib/ionic.js
47 silly gunzTarPerm extractEntry lib/hooks/after_prepare/010_add_platform_class.js
48 silly gunzTarPerm extractEntry lib/ionic/add.js
49 silly gunzTarPerm extractEntry lib/ionic/cordova.js
50 silly gunzTarPerm extractEntry lib/ionic/lib.js
51 silly gunzTarPerm extractEntry lib/ionic/login.js
52 silly gunzTarPerm extractEntry lib/ionic/config.js
53 silly gunzTarPerm extractEntry lib/ionic/app.js
54 silly gunzTarPerm extractEntry lib/ionic/serve.js
55 silly gunzTarPerm extractEntry lib/ionic/service.js
56 silly gunzTarPerm extractEntry lib/ionic/setup.js
57 silly gunzTarPerm extractEntry lib/ionic/start.js
58 silly gunzTarPerm extractEntry lib/ionic/bower.js
59 silly gunzTarPerm extractEntry lib/ionic/stats.js
60 silly gunzTarPerm extractEntry lib/ionic/task.js
61 silly gunzTarPerm extractEntry lib/ionic/store.js
62 silly gunzTarPerm extractEntry lib/ionic/package.js
63 silly gunzTarPerm extractEntry lib/ionic/upload.js
64 silly gunzTarPerm extractEntry lib/ionic/project.js
65 silly gunzTarPerm extractEntry lib/ionic/assets/preview.html
66 silly gunzTarPerm extractEntry npm-shrinkwrap.json
67 silly lockFile a8148d49-10203-0-4214078856166452-package tar:///home/daniel/tmp/npm-3271-9qLaASbS/1419603810203-0.4214078856166452/package
68 silly lockFile a8148d49-10203-0-4214078856166452-package tar:///home/daniel/tmp/npm-3271-9qLaASbS/1419603810203-0.4214078856166452/package
69 silly lockFile 20f708f9-10203-0-4214078856166452-tmp-tgz tar:///home/daniel/tmp/npm-3271-9qLaASbS/1419603810203-0.4214078856166452/tmp.tgz
70 silly lockFile 20f708f9-10203-0-4214078856166452-tmp-tgz tar:///home/daniel/tmp/npm-3271-9qLaASbS/1419603810203-0.4214078856166452/tmp.tgz
71 verbose tar pack [ '/home/daniel/.npm/ionic/1.2.13/package.tgz',
71 verbose tar pack   '/home/daniel/tmp/npm-3271-9qLaASbS/1419603810203-0.4214078856166452/package' ]
72 verbose tarball /home/daniel/.npm/ionic/1.2.13/package.tgz
73 verbose folder /home/daniel/tmp/npm-3271-9qLaASbS/1419603810203-0.4214078856166452/package
74 silly lockFile a8148d49-10203-0-4214078856166452-package tar:///home/daniel/tmp/npm-3271-9qLaASbS/1419603810203-0.4214078856166452/package
75 verbose lock tar:///home/daniel/tmp/npm-3271-9qLaASbS/1419603810203-0.4214078856166452/package /home/daniel/.npm/a8148d49-10203-0-4214078856166452-package.lock
76 silly lockFile a0e83e27-iel-npm-ionic-1-2-13-package-tgz tar:///home/daniel/.npm/ionic/1.2.13/package.tgz
77 verbose lock tar:///home/daniel/.npm/ionic/1.2.13/package.tgz /home/daniel/.npm/a0e83e27-iel-npm-ionic-1-2-13-package-tgz.lock
78 silly lockFile a8148d49-10203-0-4214078856166452-package tar:///home/daniel/tmp/npm-3271-9qLaASbS/1419603810203-0.4214078856166452/package
79 silly lockFile a8148d49-10203-0-4214078856166452-package tar:///home/daniel/tmp/npm-3271-9qLaASbS/1419603810203-0.4214078856166452/package
80 silly lockFile a0e83e27-iel-npm-ionic-1-2-13-package-tgz tar:///home/daniel/.npm/ionic/1.2.13/package.tgz
81 silly lockFile a0e83e27-iel-npm-ionic-1-2-13-package-tgz tar:///home/daniel/.npm/ionic/1.2.13/package.tgz
82 silly lockFile e8f43d25--daniel-npm-ionic-1-2-13-package /home/daniel/.npm/ionic/1.2.13/package
83 verbose lock /home/daniel/.npm/ionic/1.2.13/package /home/daniel/.npm/e8f43d25--daniel-npm-ionic-1-2-13-package.lock
84 silly lockFile e8f43d25--daniel-npm-ionic-1-2-13-package /home/daniel/.npm/ionic/1.2.13/package
85 silly lockFile e8f43d25--daniel-npm-ionic-1-2-13-package /home/daniel/.npm/ionic/1.2.13/package
86 verbose tar unpack /home/daniel/.npm/ionic/1.2.13/package.tgz
87 silly lockFile b20f2eee--daniel-npm-ionic-1-2-13-package tar:///home/daniel/.npm/ionic/1.2.13/package
88 verbose lock tar:///home/daniel/.npm/ionic/1.2.13/package /home/daniel/.npm/b20f2eee--daniel-npm-ionic-1-2-13-package.lock
89 silly lockFile a0e83e27-iel-npm-ionic-1-2-13-package-tgz tar:///home/daniel/.npm/ionic/1.2.13/package.tgz
90 verbose lock tar:///home/daniel/.npm/ionic/1.2.13/package.tgz /home/daniel/.npm/a0e83e27-iel-npm-ionic-1-2-13-package-tgz.lock
91 silly gunzTarPerm modes [ '755', '644' ]
92 silly gunzTarPerm extractEntry package.json
93 silly gunzTarPerm extractEntry .npmignore
94 silly gunzTarPerm extractEntry README.md
95 silly gunzTarPerm extractEntry LICENSE
96 silly gunzTarPerm extractEntry .gitattributes
97 silly gunzTarPerm extractEntry CHANGELOG.md
98 silly gunzTarPerm extractEntry bin/ionic
99 silly gunzTarPerm extractEntry lib/ionic.js
100 silly gunzTarPerm extractEntry lib/hooks/after_prepare/010_add_platform_class.js
101 silly gunzTarPerm extractEntry lib/ionic/add.js
102 silly gunzTarPerm extractEntry lib/ionic/cordova.js
103 silly gunzTarPerm extractEntry lib/ionic/lib.js
104 silly gunzTarPerm extractEntry lib/ionic/login.js
105 silly gunzTarPerm extractEntry lib/ionic/config.js
106 silly gunzTarPerm extractEntry lib/ionic/app.js
107 silly gunzTarPerm extractEntry lib/ionic/serve.js
108 silly gunzTarPerm extractEntry lib/ionic/service.js
109 silly gunzTarPerm extractEntry lib/ionic/setup.js
110 silly gunzTarPerm extractEntry lib/ionic/start.js
111 silly gunzTarPerm extractEntry lib/ionic/bower.js
112 silly gunzTarPerm extractEntry lib/ionic/stats.js
113 silly gunzTarPerm extractEntry lib/ionic/task.js
114 silly gunzTarPerm extractEntry lib/ionic/store.js
115 silly gunzTarPerm extractEntry lib/ionic/package.js
116 silly gunzTarPerm extractEntry lib/ionic/upload.js
117 silly gunzTarPerm extractEntry lib/ionic/project.js
118 silly gunzTarPerm extractEntry lib/ionic/assets/preview.html
119 silly gunzTarPerm extractEntry npm-shrinkwrap.json
120 silly lockFile b20f2eee--daniel-npm-ionic-1-2-13-package tar:///home/daniel/.npm/ionic/1.2.13/package
121 silly lockFile b20f2eee--daniel-npm-ionic-1-2-13-package tar:///home/daniel/.npm/ionic/1.2.13/package
122 silly lockFile a0e83e27-iel-npm-ionic-1-2-13-package-tgz tar:///home/daniel/.npm/ionic/1.2.13/package.tgz
123 silly lockFile a0e83e27-iel-npm-ionic-1-2-13-package-tgz tar:///home/daniel/.npm/ionic/1.2.13/package.tgz
124 verbose chmod /home/daniel/.npm/ionic/1.2.13/package.tgz 644
125 verbose chown /home/daniel/.npm/ionic/1.2.13/package.tgz [ 1000, 1000 ]
126 silly lockFile 61b739f4-npmjs-org-ionic-ionic-1-2-13-tgz https://registry.npmjs.org/ionic/-/ionic-1.2.13.tgz
127 silly lockFile 61b739f4-npmjs-org-ionic-ionic-1-2-13-tgz https://registry.npmjs.org/ionic/-/ionic-1.2.13.tgz
128 silly lockFile 5e1bd26f-ionic-1-2-13 ionic@1.2.13
129 silly lockFile 5e1bd26f-ionic-1-2-13 ionic@1.2.13
130 silly lockFile bf13f592-ionic ionic@*
131 silly lockFile bf13f592-ionic ionic@*
132 info outdated updating [ [ '/usr/local/lib', 'ionic', '1.2.8', '1.2.13', '*' ] ]
133 verbose install where,what [ '/usr/local/lib', [ 'ionic@1.2.13' ] ]
134 verbose cache add [ 'ionic@1.2.13', null ]
135 verbose cache add name=undefined spec="ionic@1.2.13" args=["ionic@1.2.13",null]
136 verbose parsed url { protocol: null,
136 verbose parsed url   slashes: null,
136 verbose parsed url   auth: null,
136 verbose parsed url   host: null,
136 verbose parsed url   port: null,
136 verbose parsed url   hostname: null,
136 verbose parsed url   hash: null,
136 verbose parsed url   search: null,
136 verbose parsed url   query: null,
136 verbose parsed url   pathname: 'ionic@1.2.13',
136 verbose parsed url   path: 'ionic@1.2.13',
136 verbose parsed url   href: 'ionic@1.2.13' }
137 verbose cache add name="ionic" spec="1.2.13" args=["ionic","1.2.13"]
138 verbose parsed url { protocol: null,
138 verbose parsed url   slashes: null,
138 verbose parsed url   auth: null,
138 verbose parsed url   host: null,
138 verbose parsed url   port: null,
138 verbose parsed url   hostname: null,
138 verbose parsed url   hash: null,
138 verbose parsed url   search: null,
138 verbose parsed url   query: null,
138 verbose parsed url   pathname: '1.2.13',
138 verbose parsed url   path: '1.2.13',
138 verbose parsed url   href: '1.2.13' }
139 verbose addNamed [ 'ionic', '1.2.13' ]
140 verbose addNamed [ '1.2.13', '1.2.13' ]
141 silly lockFile 5e1bd26f-ionic-1-2-13 ionic@1.2.13
142 verbose lock ionic@1.2.13 /home/daniel/.npm/5e1bd26f-ionic-1-2-13.lock
143 verbose url raw ionic/1.2.13
144 verbose url resolving [ 'https://registry.npmjs.org/', './ionic/1.2.13' ]
145 verbose url resolved https://registry.npmjs.org/ionic/1.2.13
146 info trying registry request attempt 1 at 14:23:30
147 http GET https://registry.npmjs.org/ionic/1.2.13
148 http 200 https://registry.npmjs.org/ionic/1.2.13
149 silly registry.get cb [ 200,
149 silly registry.get   { date: 'Fri, 26 Dec 2014 14:23:31 GMT',
149 silly registry.get     server: 'CouchDB/1.5.0 (Erlang OTP/R16B03)',
149 silly registry.get     etag: '"BUW66A4IG90HK16JSS7VS5RXO"',
149 silly registry.get     'content-type': 'application/json',
149 silly registry.get     'cache-control': 'max-age=60',
149 silly registry.get     'content-length': '1759',
149 silly registry.get     'accept-ranges': 'bytes',
149 silly registry.get     via: '1.1 varnish',
149 silly registry.get     age: '0',
149 silly registry.get     'x-served-by': 'cache-ams4147-AMS',
149 silly registry.get     'x-cache': 'MISS',
149 silly registry.get     'x-cache-hits': '0',
149 silly registry.get     'x-timer': 'S1419603811.166698,VS0,VE186',
149 silly registry.get     vary: 'Accept',
149 silly registry.get     'keep-alive': 'timeout=10, max=50',
149 silly registry.get     connection: 'Keep-Alive' } ]
150 silly lockFile 61b739f4-npmjs-org-ionic-ionic-1-2-13-tgz https://registry.npmjs.org/ionic/-/ionic-1.2.13.tgz
151 verbose lock https://registry.npmjs.org/ionic/-/ionic-1.2.13.tgz /home/daniel/.npm/61b739f4-npmjs-org-ionic-ionic-1-2-13-tgz.lock
152 verbose addRemoteTarball [ 'https://registry.npmjs.org/ionic/-/ionic-1.2.13.tgz',
152 verbose addRemoteTarball   '24e6c4aa646d73f4d62b0b75a25d5fdb117929e0' ]
153 info retry fetch attempt 1 at 14:23:31
154 verbose fetch to= /home/daniel/tmp/npm-3271-9qLaASbS/1419603811169-0.04544185218401253/tmp.tgz
155 http GET https://registry.npmjs.org/ionic/-/ionic-1.2.13.tgz
156 http 200 https://registry.npmjs.org/ionic/-/ionic-1.2.13.tgz
157 verbose tar unpack /home/daniel/tmp/npm-3271-9qLaASbS/1419603811169-0.04544185218401253/tmp.tgz
158 silly lockFile 457eb6f6-1169-0-04544185218401253-package tar:///home/daniel/tmp/npm-3271-9qLaASbS/1419603811169-0.04544185218401253/package
159 verbose lock tar:///home/daniel/tmp/npm-3271-9qLaASbS/1419603811169-0.04544185218401253/package /home/daniel/.npm/457eb6f6-1169-0-04544185218401253-package.lock
160 silly lockFile 40eda8b8-1169-0-04544185218401253-tmp-tgz tar:///home/daniel/tmp/npm-3271-9qLaASbS/1419603811169-0.04544185218401253/tmp.tgz
161 verbose lock tar:///home/daniel/tmp/npm-3271-9qLaASbS/1419603811169-0.04544185218401253/tmp.tgz /home/daniel/.npm/40eda8b8-1169-0-04544185218401253-tmp-tgz.lock
162 silly gunzTarPerm modes [ '755', '644' ]
163 silly gunzTarPerm extractEntry package.json
164 silly gunzTarPerm extractEntry .npmignore
165 silly gunzTarPerm extractEntry README.md
166 silly gunzTarPerm extractEntry LICENSE
167 silly gunzTarPerm extractEntry CHANGELOG.md
168 silly gunzTarPerm extractEntry .gitattributes
169 silly gunzTarPerm extractEntry bin/ionic
170 silly gunzTarPerm extractEntry lib/ionic.js
171 silly gunzTarPerm extractEntry lib/hooks/after_prepare/010_add_platform_class.js
172 silly gunzTarPerm extractEntry lib/ionic/add.js
173 silly gunzTarPerm extractEntry lib/ionic/cordova.js
174 silly gunzTarPerm extractEntry lib/ionic/lib.js
175 silly gunzTarPerm extractEntry lib/ionic/login.js
176 silly gunzTarPerm extractEntry lib/ionic/config.js
177 silly gunzTarPerm extractEntry lib/ionic/app.js
178 silly gunzTarPerm extractEntry lib/ionic/serve.js
179 silly gunzTarPerm extractEntry lib/ionic/service.js
180 silly gunzTarPerm extractEntry lib/ionic/setup.js
181 silly gunzTarPerm extractEntry lib/ionic/start.js
182 silly gunzTarPerm extractEntry lib/ionic/bower.js
183 silly gunzTarPerm extractEntry lib/ionic/stats.js
184 silly gunzTarPerm extractEntry lib/ionic/task.js
185 silly gunzTarPerm extractEntry lib/ionic/store.js
186 silly gunzTarPerm extractEntry lib/ionic/package.js
187 silly gunzTarPerm extractEntry lib/ionic/upload.js
188 silly gunzTarPerm extractEntry lib/ionic/project.js
189 silly gunzTarPerm extractEntry lib/ionic/assets/preview.html
190 silly gunzTarPerm extractEntry npm-shrinkwrap.json
191 silly lockFile 457eb6f6-1169-0-04544185218401253-package tar:///home/daniel/tmp/npm-3271-9qLaASbS/1419603811169-0.04544185218401253/package
192 silly lockFile 457eb6f6-1169-0-04544185218401253-package tar:///home/daniel/tmp/npm-3271-9qLaASbS/1419603811169-0.04544185218401253/package
193 silly lockFile 40eda8b8-1169-0-04544185218401253-tmp-tgz tar:///home/daniel/tmp/npm-3271-9qLaASbS/1419603811169-0.04544185218401253/tmp.tgz
194 silly lockFile 40eda8b8-1169-0-04544185218401253-tmp-tgz tar:///home/daniel/tmp/npm-3271-9qLaASbS/1419603811169-0.04544185218401253/tmp.tgz
195 verbose tar pack [ '/home/daniel/.npm/ionic/1.2.13/package.tgz',
195 verbose tar pack   '/home/daniel/tmp/npm-3271-9qLaASbS/1419603811169-0.04544185218401253/package' ]
196 verbose tarball /home/daniel/.npm/ionic/1.2.13/package.tgz
197 verbose folder /home/daniel/tmp/npm-3271-9qLaASbS/1419603811169-0.04544185218401253/package
198 silly lockFile 457eb6f6-1169-0-04544185218401253-package tar:///home/daniel/tmp/npm-3271-9qLaASbS/1419603811169-0.04544185218401253/package
199 verbose lock tar:///home/daniel/tmp/npm-3271-9qLaASbS/1419603811169-0.04544185218401253/package /home/daniel/.npm/457eb6f6-1169-0-04544185218401253-package.lock
200 silly lockFile a0e83e27-iel-npm-ionic-1-2-13-package-tgz tar:///home/daniel/.npm/ionic/1.2.13/package.tgz
201 verbose lock tar:///home/daniel/.npm/ionic/1.2.13/package.tgz /home/daniel/.npm/a0e83e27-iel-npm-ionic-1-2-13-package-tgz.lock
202 silly lockFile 457eb6f6-1169-0-04544185218401253-package tar:///home/daniel/tmp/npm-3271-9qLaASbS/1419603811169-0.04544185218401253/package
203 silly lockFile 457eb6f6-1169-0-04544185218401253-package tar:///home/daniel/tmp/npm-3271-9qLaASbS/1419603811169-0.04544185218401253/package
204 silly lockFile a0e83e27-iel-npm-ionic-1-2-13-package-tgz tar:///home/daniel/.npm/ionic/1.2.13/package.tgz
205 silly lockFile a0e83e27-iel-npm-ionic-1-2-13-package-tgz tar:///home/daniel/.npm/ionic/1.2.13/package.tgz
206 silly lockFile e8f43d25--daniel-npm-ionic-1-2-13-package /home/daniel/.npm/ionic/1.2.13/package
207 verbose lock /home/daniel/.npm/ionic/1.2.13/package /home/daniel/.npm/e8f43d25--daniel-npm-ionic-1-2-13-package.lock
208 silly lockFile e8f43d25--daniel-npm-ionic-1-2-13-package /home/daniel/.npm/ionic/1.2.13/package
209 silly lockFile e8f43d25--daniel-npm-ionic-1-2-13-package /home/daniel/.npm/ionic/1.2.13/package
210 verbose tar unpack /home/daniel/.npm/ionic/1.2.13/package.tgz
211 silly lockFile b20f2eee--daniel-npm-ionic-1-2-13-package tar:///home/daniel/.npm/ionic/1.2.13/package
212 verbose lock tar:///home/daniel/.npm/ionic/1.2.13/package /home/daniel/.npm/b20f2eee--daniel-npm-ionic-1-2-13-package.lock
213 silly lockFile a0e83e27-iel-npm-ionic-1-2-13-package-tgz tar:///home/daniel/.npm/ionic/1.2.13/package.tgz
214 verbose lock tar:///home/daniel/.npm/ionic/1.2.13/package.tgz /home/daniel/.npm/a0e83e27-iel-npm-ionic-1-2-13-package-tgz.lock
215 silly gunzTarPerm modes [ '755', '644' ]
216 silly gunzTarPerm extractEntry package.json
217 silly gunzTarPerm extractEntry .npmignore
218 silly gunzTarPerm extractEntry README.md
219 silly gunzTarPerm extractEntry LICENSE
220 silly gunzTarPerm extractEntry .gitattributes
221 silly gunzTarPerm extractEntry CHANGELOG.md
222 silly gunzTarPerm extractEntry bin/ionic
223 silly gunzTarPerm extractEntry lib/ionic.js
224 silly gunzTarPerm extractEntry lib/hooks/after_prepare/010_add_platform_class.js
225 silly gunzTarPerm extractEntry lib/ionic/add.js
226 silly gunzTarPerm extractEntry lib/ionic/cordova.js
227 silly gunzTarPerm extractEntry lib/ionic/lib.js
228 silly gunzTarPerm extractEntry lib/ionic/login.js
229 silly gunzTarPerm extractEntry lib/ionic/config.js
230 silly gunzTarPerm extractEntry lib/ionic/app.js
231 silly gunzTarPerm extractEntry lib/ionic/serve.js
232 silly gunzTarPerm extractEntry lib/ionic/service.js
233 silly gunzTarPerm extractEntry lib/ionic/setup.js
234 silly gunzTarPerm extractEntry lib/ionic/start.js
235 silly gunzTarPerm extractEntry lib/ionic/bower.js
236 silly gunzTarPerm extractEntry lib/ionic/stats.js
237 silly gunzTarPerm extractEntry lib/ionic/task.js
238 silly gunzTarPerm extractEntry lib/ionic/store.js
239 silly gunzTarPerm extractEntry lib/ionic/package.js
240 silly gunzTarPerm extractEntry lib/ionic/upload.js
241 silly gunzTarPerm extractEntry lib/ionic/project.js
242 silly gunzTarPerm extractEntry lib/ionic/assets/preview.html
243 silly gunzTarPerm extractEntry npm-shrinkwrap.json
244 silly lockFile b20f2eee--daniel-npm-ionic-1-2-13-package tar:///home/daniel/.npm/ionic/1.2.13/package
245 silly lockFile b20f2eee--daniel-npm-ionic-1-2-13-package tar:///home/daniel/.npm/ionic/1.2.13/package
246 silly lockFile a0e83e27-iel-npm-ionic-1-2-13-package-tgz tar:///home/daniel/.npm/ionic/1.2.13/package.tgz
247 silly lockFile a0e83e27-iel-npm-ionic-1-2-13-package-tgz tar:///home/daniel/.npm/ionic/1.2.13/package.tgz
248 verbose chmod /home/daniel/.npm/ionic/1.2.13/package.tgz 644
249 verbose chown /home/daniel/.npm/ionic/1.2.13/package.tgz [ 1000, 1000 ]
250 silly lockFile 61b739f4-npmjs-org-ionic-ionic-1-2-13-tgz https://registry.npmjs.org/ionic/-/ionic-1.2.13.tgz
251 silly lockFile 61b739f4-npmjs-org-ionic-ionic-1-2-13-tgz https://registry.npmjs.org/ionic/-/ionic-1.2.13.tgz
252 silly lockFile 5e1bd26f-ionic-1-2-13 ionic@1.2.13
253 silly lockFile 5e1bd26f-ionic-1-2-13 ionic@1.2.13
254 silly resolved [ { name: 'ionic',
254 silly resolved     version: '1.2.13',
254 silly resolved     preferGlobal: true,
254 silly resolved     description: 'A tool for creating and developing Ionic Framework mobile apps.',
254 silly resolved     homepage: 'http://ionicframework.com/',
254 silly resolved     bin: { ionic: 'bin/ionic' },
254 silly resolved     keywords:
254 silly resolved      [ 'ionic',
254 silly resolved        'ionic framework',
254 silly resolved        'ionicframework',
254 silly resolved        'mobile',
254 silly resolved        'app',
254 silly resolved        'hybrid',
254 silly resolved        'cordova',
254 silly resolved        'phonegap' ],
254 silly resolved     repository:
254 silly resolved      { type: 'git',
254 silly resolved        url: 'https://github.com/driftyco/ionic-cli.git' },
254 silly resolved     contributors: [ [Object], [Object], [Object], [Object] ],
254 silly resolved     license: 'MIT',
254 silly resolved     dependencies:
254 silly resolved      { archiver: '0.5.1',
254 silly resolved        colors: '0.6.2',
254 silly resolved        connect: '3.1.1',
254 silly resolved        'cross-spawn': '0.2.3',
254 silly resolved        'connect-livereload': '0.4.0',
254 silly resolved        'event-stream': '3.0.x',
254 silly resolved        finalhandler: '0.2.0',
254 silly resolved        'form-data': '0.1.4',
254 silly resolved        gulp: '3.8.8',
254 silly resolved        ncp: '0.4.2',
254 silly resolved        npm: '2.1.3',
254 silly resolved        open: '0.0.5',
254 silly resolved        optimist: '0.6.0',
254 silly resolved        prompt: '0.2.12',
254 silly resolved        progress: '1.1.7',
254 silly resolved        'proxy-middleware': '^0.7.0',
254 silly resolved        q: '1.0.1',
254 silly resolved        request: '2.27.0',
254 silly resolved        'serve-static': '1.7.1',
254 silly resolved        shelljs: '0.2.6',
254 silly resolved        'tiny-lr-fork': '0.0.5',
254 silly resolved        unzip: '0.1.9',
254 silly resolved        'vinyl-fs': '0.3.7',
254 silly resolved        xml2js: '0.4.4',
254 silly resolved        underscore: '~1.7.0' },
254 silly resolved     readme: 'Ionic-Cli\n=========\n\nThe Ionic Framework command line utility makes it easy to start, build, run, and emulate [Ionic](http://ionicframework.com/) apps. In the future, it will also have support for our mobile development services and tools that make Ionic even more powerful.\n\nUse the `ionic --help` command for more detailed task information.\n\n## Installing\n\n```bash\n$ npm install -g ionic\n```\n\n*Note: For a global install of `-g ionic`, OSX/Linux users may need to prefix the command with `sudo`.*\n\n\n## Starting an Ionic App\n\n```bash\n$ ionic start myapp [template]\n```\n\nStarter templates can either come from a named template, a Github repo, a Codepen, or a local directory. A starter template is what becomes the `www` directory within the Cordova project.\n\n__Named template starters:__\n\n* [tabs](https://github.com/driftyco/ionic-starter-tabs) (Default)\n* [sidemenu](https://github.com/driftyco/ionic-starter-sidemenu)\n* [blank](https://github.com/driftyco/ionic-starter-blank)\n\n__Github Repo starters:__\n\n* Any Github repo url, ex: [https://github.com/driftyco/ionic-starter-tabs](https://github.com/driftyco/ionic-starter-tabs)\n* Named templates are simply aliases to Ionic starter repos\n\n__Codepen URL starters:__\n\n* Any Codepen url, ex: [http://codepen.io/ionic/pen/odqCz](http://codepen.io/ionic/pen/odqCz)\n* [Ionic Codepen Demos](http://codepen.io/ionic/public-list/)\n\n__Local directory starters:__\n\n* Relative or absolute path to a local directory\n\n__Command-line flags/options:__\n\n    --appname, -a  .......  Human readable name for the app\n                            (Use quotes around the name)\n    --id, -i  ............  Package name set in the <widget id> config\n                            ex: com.mycompany.myapp\n    --no-cordova, -w  ....  Do not create an app targeted for Cordova\n\n\n## Testing in a Browser\n\nUse `ionic serve` to start a local development server for app dev and testing. This is useful for both desktop browser testing, and to test within a device browser which is connected to the same network. Additionally, this command starts LiveReload which is used to monitor changes in the file system. As soon as you save a file the browser is refreshed automatically. View [Using Sass](https://github.com/driftyco/ionic-cli/blob/master/README.md#using-sass) if you would also like to have `ionic serve` watch the project\'s Sass files.\n\n```bash\n$ ionic serve [options]\n```\n\n__Service Proxies:__\n\nThe `serve` command can add some proxies to the http server. These proxies are useful if you are developing in the browser and you need to make calls to an external API. With this feature you can proxy request to the external api through the ionic http server preventing the `No \'Access-Control-Allow-Origin\' header is present on the requested resource` error.\n\nIn the `ionic.project` file you can add a property with an array of proxies you want to add. The proxies are object with two properties:\n\n* `path`: string that will be matched against the beginning of the incoming request URL.\n* `proxyUrl`: a string with the url of where the proxied request should go.\n\n```json\n{\n  "name": "appname",\n  "email": "",\n  "app_id": "",\n  "proxies": [\n    {\n      "path": "/v1",\n      "proxyUrl": "https://api.instagram.com/v1"\n    }\n  ]\n}\n\n```\n\nUsing the above configuration, you can now make requests to your local server at `http://localhost:8100/v1` to have it proxy out requests to `https://api.instagram.com/v1`\n\nFor example:\n\n```js\nangular.module(\'starter.controllers\', [])\n.constant(\'InstagramApiUrl\', \'\')\n// .contant(\'InstagramApiUrl\',\'https://api.instagram.com\')\n//In production, make this the real URL\n\n.controller(\'FeedCtrl\', function($scope, $http, InstagramApiUrl) {\n\n  $scope.feed = null;\n\n  $http.get(InstagramApiUrl + \'/v1/media/search?client_id=1&lat=48&lng=2.294351\').then(function(data) {\n    console.log(\'data \' , data)\n    $scope.feed = data;\n  })\n\n})\n```\n\nSee also [this gist](https://gist.github.com/jbavari/d9c1c94058c4fdd4e935) for more help.\n\n__Command-line flags/options:__\n\n    [--consolelogs|-c] ......  Print app console logs to Ionic CLI\n    [--serverlogs|-s] .......  Print dev server logs to Ionic CLI\n    [--port|-p] .............  Dev server HTTP port (8100 default)\n    [--livereload-port|-i] ..  Live Reload port (35729 default)\n    [--nobrowser|-b] ........  Disable launching a browser\n    [--nolivereload|-r] .....  Do not start live reload\n    [--noproxy|-x] ..........  Do not add proxies\n\n\n## Adding a platform target\n\n```bash\n$ ionic platform ios android\n```\n\n## Building your app\n\n```bash\n$ ionic build ios\n```\n\n## Live Reload App During Development (beta)\n\nThe `run` or `emulate` command will deploy the app to the specified platform devices/emulators. You can also run __live reload__ on the specified platform device by adding the `--livereload` option. The live reload functionality is similar to `ionic serve`, but instead of developing and debugging an app using a standard browser, the compiled hybrid app itself is watching for any changes to its files and reloading the app when needed. This reduces the requirement to constantly rebuild the app for small changes. However, any changes to plugins will still require a full rebuild. For live reload to work, the dev machine and device must be on the same local network, and the device must support [web sockets](http://caniuse.com/websockets).\n\nWith live reload enabled, an app\'s console logs can also be printed to the terminal/command prompt by including the `--consolelogs` or `-c` option. Additionally, the development server\'s request logs can be printed out using `--serverlogs` or `-s` options.\n\n__Command-line flags/options for `run` and `emulate`:__\n\n    [--livereload|-l] .......  Live Reload app dev files from the device (beta)\n    [--consolelogs|-c] ......  Print app console logs to Ionic CLI (live reload req.)\n    [--serverlogs|-s] .......  Print dev server logs to Ionic CLI (live reload req.)\n    [--port|-p] .............  Dev server HTTP port (8100 default, live reload req.)\n    [--livereload-port|-i] ..  Live Reload port (35729 default, live reload req.)\n    [--debug|--release]\n\nWhile the server is running for live reload, you can use the following commands within the CLI:\n\n    restart or r to restart the client app from the root\n    goto or g and a url to have the app navigate to the given url\n    consolelogs or c to enable/disable console log output\n    serverlogs or s to enable/disable server log output\n    quit or q to shutdown the server and exit\n\n\n## Emulating your app\n\nDeploys the Ionic app on specified platform emulator. This is simply an alias for `run --emulator`.\n\n```bash\n$ ionic emulate ios [options]\n```\n\n\n## Running your app\n\nDeploys the Ionic app on specified platform devices. If a device is not found it\'ll then deploy to an emulator/simulator.\n\n```bash\n$ ionic run ios [options]\n```\n\n\n## Update Ionic lib\n\nUpdate Ionic library files, which are found in the `www/lib/ionic` directory. If bower is being used\nby the project, this command will automatically run `bower update ionic`, otherwise this command updates\nthe local static files from Ionic\'s CDN.\n\n```bash\n$ ionic lib update\n```\n*Note: Using bower? This command does not update Ionic\'s dependencies. Run `bower update` to update Ionic and all of it\'s dependencies defined in `bower.json`.*\n\n## Packaging an app (beta)\n\nUsing Ionic\'s service, you can compile and package your project into an app-store ready app without\nrequiring native SDKs on your machine.\n\n```bash\n$ ionic package debug android\n```\n\nThe third argument can be either `debug` or `release`, and the last argument can be either `android` or `ios`.\n\n\n## Cordova Commands\n\nIonic uses Cordova underneath, so you can also substitute Cordova commands to prepare/build/emulate/run, or to add additional plugins.\n\n*Note: we occasionally send anonymous usage statistics to the Ionic team to make the tool better.*\n\n## Working around proxies\n\nIf you have a proxy you need to get around, you can pass that proxy with the default `http_proxy` [node environment variable](https://www.npmjs.org/doc/misc/npm-config.html#proxy) or an environment variable `proxy`.\n\nA few ways to set up and use the environment variable:\n\n```bash\nexport http_proxy=internal.proxy.com\n# Or\nexport PROXY=internal.proxy.com\n\nionic start my_app\n\n# Additionally, pass in line\nPROXY=internal.proxy.com ionic start my_app\n```\n\n\n## Using Sass\n\nBy default, starter projects are hooked up to Ionic\'s precompiled CSS file, which is found in the project\'s `www/lib/ionic/css` directory, and is linked to the app in the head of the root `index.html` file. However, Ionic projects can also be customized using [Sass](http://sass-lang.com/), which gives developers and designers "superpowers" in terms of creating and maintaining CSS. Below are two ways to setup Sass for your Ionic project (the `ionic setup sass` command simply does the manual steps for you). Once Sass has been setup for your Ionic project, then the `ionic serve` command will also watch for Sass changes.\n\n#### Setup Sass Automatically\n\n    ionic setup sass\n\n\n#### Setup Sass Manually\n\n1. Run `npm install` from the working directory of an Ionic project. This will install [gulp.js](http://gulpjs.com/) and a few handy tasks, such as [gulp-sass](https://www.npmjs.org/package/gulp-sass) and [gulp-minify-css](https://www.npmjs.org/package/gulp-minify-css).\n2. Remove `<link href="lib/ionic/css/ionic.css" rel="stylesheet">` from the `<head>` of the root `index.html` file.\n3. Remove `<link href="css/style.css" rel="stylesheet">` from the `<head>` of the root `index.html` file.\n4. Add `<link href="css/ionic.app.css" rel="stylesheet">` to the `<head>` of the root `index.html` file.\n5. In the `ionic.project` file, add the JavaScript property `"gulpStartupTasks": ["sass", "watch"]` (this can also be customized to whatever gulp tasks you\'d like).\n',
254 silly resolved     readmeFilename: 'README.md',
254 silly resolved     bugs: { url: 'https://github.com/driftyco/ionic-cli/issues' },
254 silly resolved     _id: 'ionic@1.2.13',
254 silly resolved     dist: { shasum: '3240638c5629fe6727536e7093d25658be0ca401' },
254 silly resolved     _from: 'ionic@1.2.13',
254 silly resolved     _resolved: 'https://registry.npmjs.org/ionic/-/ionic-1.2.13.tgz' } ]
255 info install ionic@1.2.13 into /usr/local/lib
256 info installOne ionic@1.2.13
257 info /usr/local/lib/node_modules/ionic unbuild
258 info preuninstall ionic@1.2.8
259 info uninstall ionic@1.2.8
260 verbose true,/usr/local/lib/node_modules,/usr/local/lib/node_modules unbuild ionic@1.2.8
261 verbose /usr/local/bin,[object Object] binRoot
262 info /usr/local/lib/node_modules/ionic unbuild
263 info preuninstall ionic@1.2.8
264 info uninstall ionic@1.2.8
265 verbose true,/usr/local/lib/node_modules,/usr/local/lib/node_modules unbuild ionic@1.2.8
266 verbose /usr/local/bin,[object Object] binRoot
267 error error rolling back Error: EACCES, unlink '/usr/local/bin/ionic'
267 error error rolling back  ionic@1.2.13 { [Error: EACCES, unlink '/usr/local/bin/ionic'] errno: 3, code: 'EACCES', path: '/usr/local/bin/ionic' }
268 error Error: EACCES, unlink '/usr/local/bin/ionic'
268 error  { [Error: EACCES, unlink '/usr/local/bin/ionic'] errno: 3, code: 'EACCES', path: '/usr/local/bin/ionic' }
269 error Please try running this command again as root/Administrator.
270 error System Linux 3.13.0-43-generic
271 error command "/usr/bin/nodejs" "/usr/bin/npm" "update" "-g" "ionic"
272 error cwd /home/daniel/Documents/ldso-grupo-3
273 error node -v v0.10.25
274 error npm -v 1.3.10
275 error path /usr/local/bin/ionic
276 error code EACCES
277 error errno 3
278 error stack Error: EACCES, unlink '/usr/local/bin/ionic'
279 verbose exit [ 3, true ]
